{"numFailedTestSuites":2,"numFailedTests":10,"numPassedTestSuites":1,"numPassedTests":12,"numPendingTestSuites":0,"numPendingTests":0,"numRuntimeErrorTestSuites":0,"numTodoTests":0,"numTotalTestSuites":3,"numTotalTests":22,"openHandles":[],"snapshot":{"added":0,"didUpdate":false,"failure":false,"filesAdded":0,"filesRemoved":0,"filesRemovedList":[],"filesUnmatched":0,"filesUpdated":0,"matched":0,"total":0,"unchecked":0,"uncheckedKeysByFile":[],"unmatched":0,"updated":0},"startTime":1754075923596,"success":false,"testResults":[{"assertionResults":[{"ancestorTitles":["isValidFieldValue"],"duration":7,"failing":false,"failureDetails":[],"failureMessages":[],"fullName":"isValidFieldValue should return false or undefined, null, or empty string","invocations":1,"location":null,"numPassingAsserts":4,"retryReasons":[],"startAt":1754075928268,"status":"passed","title":"should return false or undefined, null, or empty string"},{"ancestorTitles":["isValidFieldValue"],"duration":1,"failing":false,"failureDetails":[],"failureMessages":[],"fullName":"isValidFieldValue should return true for valid non-empty strings","invocations":1,"location":null,"numPassingAsserts":3,"retryReasons":[],"startAt":1754075928275,"status":"passed","title":"should return true for valid non-empty strings"},{"ancestorTitles":["isValidFieldValue"],"duration":2,"failing":false,"failureDetails":[],"failureMessages":[],"fullName":"isValidFieldValue should handle \"não\" and similar values correctly for optional fields","invocations":1,"location":null,"numPassingAsserts":6,"retryReasons":[],"startAt":1754075928276,"status":"passed","title":"should handle \"não\" and similar values correctly for optional fields"},{"ancestorTitles":["isValidFieldValue"],"duration":1,"failing":false,"failureDetails":[],"failureMessages":[],"fullName":"isValidFieldValue shouuld handle \"não\" and similar values correctly for mandatory fields","invocations":1,"location":null,"numPassingAsserts":2,"retryReasons":[],"startAt":1754075928278,"status":"passed","title":"shouuld handle \"não\" and similar values correctly for mandatory fields"},{"ancestorTitles":["isValidFieldValue"],"duration":1,"failing":false,"failureDetails":[],"failureMessages":[],"fullName":"isValidFieldValue should return true if any item in an array is valid","invocations":1,"location":null,"numPassingAsserts":3,"retryReasons":[],"startAt":1754075928279,"status":"passed","title":"should return true if any item in an array is valid"},{"ancestorTitles":["isValidFieldValue"],"duration":1,"failing":false,"failureDetails":[],"failureMessages":[],"fullName":"isValidFieldValue should return true if any value in an object is valid","invocations":1,"location":null,"numPassingAsserts":3,"retryReasons":[],"startAt":1754075928280,"status":"passed","title":"should return true if any value in an object is valid"},{"ancestorTitles":["isValidFieldValue"],"duration":0,"failing":false,"failureDetails":[],"failureMessages":[],"fullName":"isValidFieldValue should handle nested structures","invocations":1,"location":null,"numPassingAsserts":3,"retryReasons":[],"startAt":1754075928281,"status":"passed","title":"should handle nested structures"}],"endTime":1754075928284,"message":"","name":"C:\\Tutoriais\\Next js\\uni-catalog\\src\\__tests__\\utils\\isValidFieldValue.test.ts","startTime":1754075925934,"status":"passed","summary":""},{"assertionResults":[{"ancestorTitles":["Catalog API Route (POST)"],"duration":89,"failing":false,"failureDetails":[{"matcherResult":{"actual":"error","expected":"template-selected","message":"\u001b[2mexpect(\u001b[22m\u001b[31mreceived\u001b[39m\u001b[2m).\u001b[22mtoBe\u001b[2m(\u001b[22m\u001b[32mexpected\u001b[39m\u001b[2m) // Object.is equality\u001b[22m\n\nExpected: \u001b[32m\"template-selected\"\u001b[39m\nReceived: \u001b[31m\"error\"\u001b[39m","name":"toBe","pass":false}}],"failureMessages":["Error: \u001b[2mexpect(\u001b[22m\u001b[31mreceived\u001b[39m\u001b[2m).\u001b[22mtoBe\u001b[2m(\u001b[22m\u001b[32mexpected\u001b[39m\u001b[2m) // Object.is equality\u001b[22m\n\nExpected: \u001b[32m\"template-selected\"\u001b[39m\nReceived: \u001b[31m\"error\"\u001b[39m\n    at toBe (C:\\Tutoriais\\Next js\\uni-catalog\\src\\__tests__\\api\\catalog\\route.test.ts:185:27)\n    at Generator.call (C:\\Tutoriais\\Next js\\uni-catalog\\src\\__tests__\\api\\catalog\\route.test.ts:2:1)\n    at Generator._invoke [as next] (C:\\Tutoriais\\Next js\\uni-catalog\\src\\__tests__\\api\\catalog\\route.test.ts:2:1)\n    at asyncGeneratorStep (C:\\Tutoriais\\Next js\\uni-catalog\\src\\__tests__\\api\\catalog\\route.test.ts:2:1)\n    at asyncGeneratorStep (C:\\Tutoriais\\Next js\\uni-catalog\\src\\__tests__\\api\\catalog\\route.test.ts:2:1)\n    at processTicksAndRejections (node:internal/process/task_queues:105:5)"],"fullName":"Catalog API Route (POST) should select a template and transition to bulk-auto-fill","invocations":1,"location":null,"numPassingAsserts":0,"retryReasons":[],"startAt":1754075928461,"status":"failed","title":"should select a template and transition to bulk-auto-fill"},{"ancestorTitles":["Catalog API Route (POST)"],"duration":27,"failing":false,"failureDetails":[{"matcherResult":{"actual":"field-question","expected":"bulk-auto-filled","message":"\u001b[2mexpect(\u001b[22m\u001b[31mreceived\u001b[39m\u001b[2m).\u001b[22mtoBe\u001b[2m(\u001b[22m\u001b[32mexpected\u001b[39m\u001b[2m) // Object.is equality\u001b[22m\n\nExpected: \u001b[32m\"bulk-auto-filled\"\u001b[39m\nReceived: \u001b[31m\"field-question\"\u001b[39m","name":"toBe","pass":false}}],"failureMessages":["Error: \u001b[2mexpect(\u001b[22m\u001b[31mreceived\u001b[39m\u001b[2m).\u001b[22mtoBe\u001b[2m(\u001b[22m\u001b[32mexpected\u001b[39m\u001b[2m) // Object.is equality\u001b[22m\n\nExpected: \u001b[32m\"bulk-auto-filled\"\u001b[39m\nReceived: \u001b[31m\"field-question\"\u001b[39m\n    at toBe (C:\\Tutoriais\\Next js\\uni-catalog\\src\\__tests__\\api\\catalog\\route.test.ts:219:27)\n    at Generator.call (C:\\Tutoriais\\Next js\\uni-catalog\\src\\__tests__\\api\\catalog\\route.test.ts:2:1)\n    at Generator._invoke [as next] (C:\\Tutoriais\\Next js\\uni-catalog\\src\\__tests__\\api\\catalog\\route.test.ts:2:1)\n    at asyncGeneratorStep (C:\\Tutoriais\\Next js\\uni-catalog\\src\\__tests__\\api\\catalog\\route.test.ts:2:1)\n    at asyncGeneratorStep (C:\\Tutoriais\\Next js\\uni-catalog\\src\\__tests__\\api\\catalog\\route.test.ts:2:1)\n    at processTicksAndRejections (node:internal/process/task_queues:105:5)"],"fullName":"Catalog API Route (POST) should handle bulk auto-fill and transition to field-filling","invocations":1,"location":null,"numPassingAsserts":0,"retryReasons":[],"startAt":1754075928563,"status":"failed","title":"should handle bulk auto-fill and transition to field-filling"},{"ancestorTitles":["Catalog API Route (POST)"],"duration":7,"failing":false,"failureDetails":[{"matcherResult":{"message":"\u001b[2mexpect(\u001b[22m\u001b[31mreceived\u001b[39m\u001b[2m).\u001b[22mtoContain\u001b[2m(\u001b[22m\u001b[32mexpected\u001b[39m\u001b[2m) // indexOf\u001b[22m\n\nExpected substring: \u001b[32m\"IDENTIFICADOR DE REGISTO PERSISTENTE [003] (opcional)\"\u001b[39m\nReceived string:    \u001b[31m\"Por favor, forneça: Identificador de Registo Persistente [003] (opcional).\"\u001b[39m","pass":false}}],"failureMessages":["Error: \u001b[2mexpect(\u001b[22m\u001b[31mreceived\u001b[39m\u001b[2m).\u001b[22mtoContain\u001b[2m(\u001b[22m\u001b[32mexpected\u001b[39m\u001b[2m) // indexOf\u001b[22m\n\nExpected substring: \u001b[32m\"IDENTIFICADOR DE REGISTO PERSISTENTE [003] (opcional)\"\u001b[39m\nReceived string:    \u001b[31m\"Por favor, forneça: Identificador de Registo Persistente [003] (opcional).\"\u001b[39m\n    at toContain (C:\\Tutoriais\\Next js\\uni-catalog\\src\\__tests__\\api\\catalog\\route.test.ts:247:31)\n    at Generator.call (C:\\Tutoriais\\Next js\\uni-catalog\\src\\__tests__\\api\\catalog\\route.test.ts:2:1)\n    at Generator._invoke [as next] (C:\\Tutoriais\\Next js\\uni-catalog\\src\\__tests__\\api\\catalog\\route.test.ts:2:1)\n    at asyncGeneratorStep (C:\\Tutoriais\\Next js\\uni-catalog\\src\\__tests__\\api\\catalog\\route.test.ts:2:1)\n    at asyncGeneratorStep (C:\\Tutoriais\\Next js\\uni-catalog\\src\\__tests__\\api\\catalog\\route.test.ts:2:1)\n    at processTicksAndRejections (node:internal/process/task_queues:105:5)"],"fullName":"Catalog API Route (POST) should ask for the next field if not all fields are filled","invocations":1,"location":null,"numPassingAsserts":2,"retryReasons":[],"startAt":1754075928591,"status":"failed","title":"should ask for the next field if not all fields are filled"},{"ancestorTitles":["Catalog API Route (POST)"],"duration":73,"failing":false,"failureDetails":[],"failureMessages":[],"fullName":"Catalog API Route (POST) should process user response for a simple field and ask for next","invocations":1,"location":null,"numPassingAsserts":4,"retryReasons":[],"startAt":1754075928598,"status":"passed","title":"should process user response for a simple field and ask for next"},{"ancestorTitles":["Catalog API Route (POST)"],"duration":8,"failing":false,"failureDetails":[],"failureMessages":[],"fullName":"Catalog API Route (POST) should process user response for a data field with subfields","invocations":1,"location":null,"numPassingAsserts":4,"retryReasons":[],"startAt":1754075928671,"status":"passed","title":"should process user response for a data field with subfields"},{"ancestorTitles":["Catalog API Route (POST)"],"duration":4,"failing":false,"failureDetails":[],"failureMessages":[],"fullName":"Catalog API Route (POST) should handle \"review-fields\" command","invocations":1,"location":null,"numPassingAsserts":3,"retryReasons":[],"startAt":1754075928679,"status":"passed","title":"should handle \"review-fields\" command"},{"ancestorTitles":["Catalog API Route (POST)"],"duration":7,"failing":false,"failureDetails":[],"failureMessages":[],"fullName":"Catalog API Route (POST) should handle \"edit-field\" command and re-ask the field","invocations":1,"location":null,"numPassingAsserts":5,"retryReasons":[],"startAt":1754075928683,"status":"passed","title":"should handle \"edit-field\" command and re-ask the field"},{"ancestorTitles":["Catalog API Route (POST)"],"duration":7,"failing":false,"failureDetails":[{"matcherResult":{"actual":"error","expected":"record-complete","message":"\u001b[2mexpect(\u001b[22m\u001b[31mreceived\u001b[39m\u001b[2m).\u001b[22mtoBe\u001b[2m(\u001b[22m\u001b[32mexpected\u001b[39m\u001b[2m) // Object.is equality\u001b[22m\n\nExpected: \u001b[32m\"record-complete\"\u001b[39m\nReceived: \u001b[31m\"error\"\u001b[39m","name":"toBe","pass":false}}],"failureMessages":["Error: \u001b[2mexpect(\u001b[22m\u001b[31mreceived\u001b[39m\u001b[2m).\u001b[22mtoBe\u001b[2m(\u001b[22m\u001b[32mexpected\u001b[39m\u001b[2m) // Object.is equality\u001b[22m\n\nExpected: \u001b[32m\"record-complete\"\u001b[39m\nReceived: \u001b[31m\"error\"\u001b[39m\n    at toBe (C:\\Tutoriais\\Next js\\uni-catalog\\src\\__tests__\\api\\catalog\\route.test.ts:384:27)\n    at Generator.call (C:\\Tutoriais\\Next js\\uni-catalog\\src\\__tests__\\api\\catalog\\route.test.ts:2:1)\n    at Generator._invoke [as next] (C:\\Tutoriais\\Next js\\uni-catalog\\src\\__tests__\\api\\catalog\\route.test.ts:2:1)\n    at asyncGeneratorStep (C:\\Tutoriais\\Next js\\uni-catalog\\src\\__tests__\\api\\catalog\\route.test.ts:2:1)\n    at asyncGeneratorStep (C:\\Tutoriais\\Next js\\uni-catalog\\src\\__tests__\\api\\catalog\\route.test.ts:2:1)\n    at processTicksAndRejections (node:internal/process/task_queues:105:5)"],"fullName":"Catalog API Route (POST) should transition to confirmation if all fields are filled","invocations":1,"location":null,"numPassingAsserts":0,"retryReasons":[],"startAt":1754075928690,"status":"failed","title":"should transition to confirmation if all fields are filled"},{"ancestorTitles":["Catalog API Route (POST)"],"duration":8,"failing":false,"failureDetails":[{"matcherResult":{"actual":"error","expected":"record-saved","message":"\u001b[2mexpect(\u001b[22m\u001b[31mreceived\u001b[39m\u001b[2m).\u001b[22mtoBe\u001b[2m(\u001b[22m\u001b[32mexpected\u001b[39m\u001b[2m) // Object.is equality\u001b[22m\n\nExpected: \u001b[32m\"record-saved\"\u001b[39m\nReceived: \u001b[31m\"error\"\u001b[39m","name":"toBe","pass":false}}],"failureMessages":["Error: \u001b[2mexpect(\u001b[22m\u001b[31mreceived\u001b[39m\u001b[2m).\u001b[22mtoBe\u001b[2m(\u001b[22m\u001b[32mexpected\u001b[39m\u001b[2m) // Object.is equality\u001b[22m\n\nExpected: \u001b[32m\"record-saved\"\u001b[39m\nReceived: \u001b[31m\"error\"\u001b[39m\n    at toBe (C:\\Tutoriais\\Next js\\uni-catalog\\src\\__tests__\\api\\catalog\\route.test.ts:417:27)\n    at Generator.call (C:\\Tutoriais\\Next js\\uni-catalog\\src\\__tests__\\api\\catalog\\route.test.ts:2:1)\n    at Generator._invoke [as next] (C:\\Tutoriais\\Next js\\uni-catalog\\src\\__tests__\\api\\catalog\\route.test.ts:2:1)\n    at asyncGeneratorStep (C:\\Tutoriais\\Next js\\uni-catalog\\src\\__tests__\\api\\catalog\\route.test.ts:2:1)\n    at asyncGeneratorStep (C:\\Tutoriais\\Next js\\uni-catalog\\src\\__tests__\\api\\catalog\\route.test.ts:2:1)\n    at processTicksAndRejections (node:internal/process/task_queues:105:5)"],"fullName":"Catalog API Route (POST) should save the record and return record-saved type","invocations":1,"location":null,"numPassingAsserts":0,"retryReasons":[],"startAt":1754075928698,"status":"failed","title":"should save the record and return record-saved type"},{"ancestorTitles":["Catalog API Route (POST)"],"duration":3,"failing":false,"failureDetails":[{"matcherResult":{"actual":"error","expected":"template-not-found","message":"\u001b[2mexpect(\u001b[22m\u001b[31mreceived\u001b[39m\u001b[2m).\u001b[22mtoBe\u001b[2m(\u001b[22m\u001b[32mexpected\u001b[39m\u001b[2m) // Object.is equality\u001b[22m\n\nExpected: \u001b[32m\"template-not-found\"\u001b[39m\nReceived: \u001b[31m\"error\"\u001b[39m","name":"toBe","pass":false}}],"failureMessages":["Error: \u001b[2mexpect(\u001b[22m\u001b[31mreceived\u001b[39m\u001b[2m).\u001b[22mtoBe\u001b[2m(\u001b[22m\u001b[32mexpected\u001b[39m\u001b[2m) // Object.is equality\u001b[22m\n\nExpected: \u001b[32m\"template-not-found\"\u001b[39m\nReceived: \u001b[31m\"error\"\u001b[39m\n    at toBe (C:\\Tutoriais\\Next js\\uni-catalog\\src\\__tests__\\api\\catalog\\route.test.ts:446:27)\n    at Generator.call (C:\\Tutoriais\\Next js\\uni-catalog\\src\\__tests__\\api\\catalog\\route.test.ts:2:1)\n    at Generator._invoke [as next] (C:\\Tutoriais\\Next js\\uni-catalog\\src\\__tests__\\api\\catalog\\route.test.ts:2:1)\n    at asyncGeneratorStep (C:\\Tutoriais\\Next js\\uni-catalog\\src\\__tests__\\api\\catalog\\route.test.ts:2:1)\n    at asyncGeneratorStep (C:\\Tutoriais\\Next js\\uni-catalog\\src\\__tests__\\api\\catalog\\route.test.ts:2:1)\n    at processTicksAndRejections (node:internal/process/task_queues:105:5)"],"fullName":"Catalog API Route (POST) should handle template not found","invocations":1,"location":null,"numPassingAsserts":0,"retryReasons":[],"startAt":1754075928707,"status":"failed","title":"should handle template not found"},{"ancestorTitles":["Catalog API Route (POST)"],"duration":2,"failing":false,"failureDetails":[{"matcherResult":{"message":"\u001b[2mexpect(\u001b[22m\u001b[31mreceived\u001b[39m\u001b[2m).\u001b[22mtoContain\u001b[2m(\u001b[22m\u001b[32mexpected\u001b[39m\u001b[2m) // indexOf\u001b[22m\n\nExpected substring: \u001b[32m\"Estado inválido da conversação.\"\u001b[39m\nReceived string:    \u001b[31m\"Erro interno no servidor\"\u001b[39m","pass":false}}],"failureMessages":["Error: \u001b[2mexpect(\u001b[22m\u001b[31mreceived\u001b[39m\u001b[2m).\u001b[22mtoContain\u001b[2m(\u001b[22m\u001b[32mexpected\u001b[39m\u001b[2m) // indexOf\u001b[22m\n\nExpected substring: \u001b[32m\"Estado inválido da conversação.\"\u001b[39m\nReceived string:    \u001b[31m\"Erro interno no servidor\"\u001b[39m\n    at toContain (C:\\Tutoriais\\Next js\\uni-catalog\\src\\__tests__\\api\\catalog\\route.test.ts:460:28)\n    at Generator.call (C:\\Tutoriais\\Next js\\uni-catalog\\src\\__tests__\\api\\catalog\\route.test.ts:2:1)\n    at Generator._invoke [as next] (C:\\Tutoriais\\Next js\\uni-catalog\\src\\__tests__\\api\\catalog\\route.test.ts:2:1)\n    at asyncGeneratorStep (C:\\Tutoriais\\Next js\\uni-catalog\\src\\__tests__\\api\\catalog\\route.test.ts:2:1)\n    at asyncGeneratorStep (C:\\Tutoriais\\Next js\\uni-catalog\\src\\__tests__\\api\\catalog\\route.test.ts:2:1)\n    at processTicksAndRejections (node:internal/process/task_queues:105:5)"],"fullName":"Catalog API Route (POST) should handle invalid conversation state","invocations":1,"location":null,"numPassingAsserts":1,"retryReasons":[],"startAt":1754075928711,"status":"failed","title":"should handle invalid conversation state"}],"endTime":1754075928785,"message":"\u001b[1m\u001b[31m  \u001b[1m● \u001b[22m\u001b[1mCatalog API Route (POST) › should select a template and transition to bulk-auto-fill\u001b[39m\u001b[22m\n\n    \u001b[2mexpect(\u001b[22m\u001b[31mreceived\u001b[39m\u001b[2m).\u001b[22mtoBe\u001b[2m(\u001b[22m\u001b[32mexpected\u001b[39m\u001b[2m) // Object.is equality\u001b[22m\n\n    Expected: \u001b[32m\"template-selected\"\u001b[39m\n    Received: \u001b[31m\"error\"\u001b[39m\n\u001b[2m\u001b[22m\n\u001b[2m    \u001b[0m \u001b[90m 183 |\u001b[39m         \u001b[36mconst\u001b[39m data\u001b[33m:\u001b[39m \u001b[33mCatalogResponse\u001b[39m \u001b[33m=\u001b[39m \u001b[36mawait\u001b[39m res\u001b[33m.\u001b[39mjson()\u001b[22m\n\u001b[2m     \u001b[90m 184 |\u001b[39m\u001b[22m\n\u001b[2m    \u001b[31m\u001b[1m>\u001b[22m\u001b[2m\u001b[39m\u001b[90m 185 |\u001b[39m         expect(data\u001b[33m.\u001b[39mtype)\u001b[33m.\u001b[39mtoBe(\u001b[32m\"template-selected\"\u001b[39m)\u001b[22m\n\u001b[2m     \u001b[90m     |\u001b[39m                           \u001b[31m\u001b[1m^\u001b[22m\u001b[2m\u001b[39m\u001b[22m\n\u001b[2m     \u001b[90m 186 |\u001b[39m         expect(data\u001b[33m.\u001b[39mconversationState\u001b[33m?\u001b[39m\u001b[33m.\u001b[39mstep)\u001b[33m.\u001b[39mtoBe(\u001b[32m\"bulk-auto-fill\"\u001b[39m)\u001b[22m\n\u001b[2m     \u001b[90m 187 |\u001b[39m         expect(data\u001b[33m.\u001b[39mtemplate\u001b[33m?\u001b[39m\u001b[33m.\u001b[39mname)\u001b[33m.\u001b[39mtoBe(\u001b[32m\"Livro\"\u001b[39m)\u001b[22m\n\u001b[2m     \u001b[90m 188 |\u001b[39m         expect(mockTemplateCache\u001b[33m.\u001b[39mgetTemplates)\u001b[33m.\u001b[39mtoHaveBeenCalledTimes(\u001b[35m1\u001b[39m)\u001b[0m\u001b[22m\n\u001b[2m\u001b[22m\n\u001b[2m      \u001b[2mat toBe (\u001b[22m\u001b[2m\u001b[0m\u001b[36msrc/__tests__/api/catalog/route.test.ts\u001b[39m\u001b[0m\u001b[2m:185:27)\u001b[22m\u001b[2m\u001b[22m\n\u001b[2m      \u001b[2mat Generator.call (\u001b[22m\u001b[2m\u001b[0m\u001b[36msrc/__tests__/api/catalog/route.test.ts\u001b[39m\u001b[0m\u001b[2m:2:1)\u001b[22m\u001b[2m\u001b[22m\n\u001b[2m      \u001b[2mat Generator._invoke [as next] (\u001b[22m\u001b[2m\u001b[0m\u001b[36msrc/__tests__/api/catalog/route.test.ts\u001b[39m\u001b[0m\u001b[2m:2:1)\u001b[22m\u001b[2m\u001b[22m\n\u001b[2m      \u001b[2mat asyncGeneratorStep (\u001b[22m\u001b[2m\u001b[0m\u001b[36msrc/__tests__/api/catalog/route.test.ts\u001b[39m\u001b[0m\u001b[2m:2:1)\u001b[22m\u001b[2m\u001b[22m\n\u001b[2m      \u001b[2mat asyncGeneratorStep (\u001b[22m\u001b[2m\u001b[0m\u001b[36msrc/__tests__/api/catalog/route.test.ts\u001b[39m\u001b[0m\u001b[2m:2:1)\u001b[22m\u001b[2m\u001b[22m\n\n\u001b[1m\u001b[31m  \u001b[1m● \u001b[22m\u001b[1mCatalog API Route (POST) › should handle bulk auto-fill and transition to field-filling\u001b[39m\u001b[22m\n\n    \u001b[2mexpect(\u001b[22m\u001b[31mreceived\u001b[39m\u001b[2m).\u001b[22mtoBe\u001b[2m(\u001b[22m\u001b[32mexpected\u001b[39m\u001b[2m) // Object.is equality\u001b[22m\n\n    Expected: \u001b[32m\"bulk-auto-filled\"\u001b[39m\n    Received: \u001b[31m\"field-question\"\u001b[39m\n\u001b[2m\u001b[22m\n\u001b[2m    \u001b[0m \u001b[90m 217 |\u001b[39m         \u001b[36mconst\u001b[39m data\u001b[33m:\u001b[39m \u001b[33mCatalogResponse\u001b[39m \u001b[33m=\u001b[39m \u001b[36mawait\u001b[39m res\u001b[33m.\u001b[39mjson()\u001b[22m\n\u001b[2m     \u001b[90m 218 |\u001b[39m\u001b[22m\n\u001b[2m    \u001b[31m\u001b[1m>\u001b[22m\u001b[2m\u001b[39m\u001b[90m 219 |\u001b[39m         expect(data\u001b[33m.\u001b[39mtype)\u001b[33m.\u001b[39mtoBe(\u001b[32m\"bulk-auto-filled\"\u001b[39m)\u001b[22m\n\u001b[2m     \u001b[90m     |\u001b[39m                           \u001b[31m\u001b[1m^\u001b[22m\u001b[2m\u001b[39m\u001b[22m\n\u001b[2m     \u001b[90m 220 |\u001b[39m         expect(data\u001b[33m.\u001b[39mconversationState\u001b[33m?\u001b[39m\u001b[33m.\u001b[39mstep)\u001b[33m.\u001b[39mtoBe(\u001b[32m\"field-filling\"\u001b[39m)\u001b[22m\n\u001b[2m     \u001b[90m 221 |\u001b[39m         expect(data\u001b[33m.\u001b[39mconversationState\u001b[33m?\u001b[39m\u001b[33m.\u001b[39mfilledFields)\u001b[33m.\u001b[39mtoEqual({ \u001b[32m\"001\"\u001b[39m\u001b[33m:\u001b[39m \u001b[32m\"12345\"\u001b[39m\u001b[33m,\u001b[39m \u001b[32m\"101\"\u001b[39m\u001b[33m:\u001b[39m { a\u001b[33m:\u001b[39m \u001b[32m\"por\"\u001b[39m } })\u001b[22m\n\u001b[2m     \u001b[90m 222 |\u001b[39m         expect(data\u001b[33m.\u001b[39mconversationState\u001b[33m?\u001b[39m\u001b[33m.\u001b[39mautoFilledCount)\u001b[33m.\u001b[39mtoBe(\u001b[35m2\u001b[39m)\u001b[0m\u001b[22m\n\u001b[2m\u001b[22m\n\u001b[2m      \u001b[2mat toBe (\u001b[22m\u001b[2m\u001b[0m\u001b[36msrc/__tests__/api/catalog/route.test.ts\u001b[39m\u001b[0m\u001b[2m:219:27)\u001b[22m\u001b[2m\u001b[22m\n\u001b[2m      \u001b[2mat Generator.call (\u001b[22m\u001b[2m\u001b[0m\u001b[36msrc/__tests__/api/catalog/route.test.ts\u001b[39m\u001b[0m\u001b[2m:2:1)\u001b[22m\u001b[2m\u001b[22m\n\u001b[2m      \u001b[2mat Generator._invoke [as next] (\u001b[22m\u001b[2m\u001b[0m\u001b[36msrc/__tests__/api/catalog/route.test.ts\u001b[39m\u001b[0m\u001b[2m:2:1)\u001b[22m\u001b[2m\u001b[22m\n\u001b[2m      \u001b[2mat asyncGeneratorStep (\u001b[22m\u001b[2m\u001b[0m\u001b[36msrc/__tests__/api/catalog/route.test.ts\u001b[39m\u001b[0m\u001b[2m:2:1)\u001b[22m\u001b[2m\u001b[22m\n\u001b[2m      \u001b[2mat asyncGeneratorStep (\u001b[22m\u001b[2m\u001b[0m\u001b[36msrc/__tests__/api/catalog/route.test.ts\u001b[39m\u001b[0m\u001b[2m:2:1)\u001b[22m\u001b[2m\u001b[22m\n\n\u001b[1m\u001b[31m  \u001b[1m● \u001b[22m\u001b[1mCatalog API Route (POST) › should ask for the next field if not all fields are filled\u001b[39m\u001b[22m\n\n    \u001b[2mexpect(\u001b[22m\u001b[31mreceived\u001b[39m\u001b[2m).\u001b[22mtoContain\u001b[2m(\u001b[22m\u001b[32mexpected\u001b[39m\u001b[2m) // indexOf\u001b[22m\n\n    Expected substring: \u001b[32m\"IDENTIFICADOR DE REGISTO PERSISTENTE [003] (opcional)\"\u001b[39m\n    Received string:    \u001b[31m\"Por favor, forneça: Identificador de Registo Persistente [003] (opcional).\"\u001b[39m\n\u001b[2m\u001b[22m\n\u001b[2m    \u001b[0m \u001b[90m 245 |\u001b[39m         expect(data\u001b[33m.\u001b[39mtype)\u001b[33m.\u001b[39mtoBe(\u001b[32m\"field-question\"\u001b[39m)\u001b[22m\n\u001b[2m     \u001b[90m 246 |\u001b[39m         expect(data\u001b[33m.\u001b[39mfield)\u001b[33m.\u001b[39mtoBe(\u001b[32m\"003\"\u001b[39m)\u001b[22m\n\u001b[2m    \u001b[31m\u001b[1m>\u001b[22m\u001b[2m\u001b[39m\u001b[90m 247 |\u001b[39m         expect(data\u001b[33m.\u001b[39mquestion)\u001b[33m.\u001b[39mtoContain(\u001b[32m\"IDENTIFICADOR DE REGISTO PERSISTENTE [003] (opcional)\"\u001b[39m)\u001b[22m\n\u001b[2m     \u001b[90m     |\u001b[39m                               \u001b[31m\u001b[1m^\u001b[22m\u001b[2m\u001b[39m\u001b[22m\n\u001b[2m     \u001b[90m 248 |\u001b[39m         expect(data\u001b[33m.\u001b[39mconversationState\u001b[33m?\u001b[39m\u001b[33m.\u001b[39maskedField)\u001b[33m.\u001b[39mtoBe(\u001b[32m\"003\"\u001b[39m)\u001b[22m\n\u001b[2m     \u001b[90m 249 |\u001b[39m     })\u001b[22m\n\u001b[2m     \u001b[90m 250 |\u001b[39m\u001b[0m\u001b[22m\n\u001b[2m\u001b[22m\n\u001b[2m      \u001b[2mat toContain (\u001b[22m\u001b[2m\u001b[0m\u001b[36msrc/__tests__/api/catalog/route.test.ts\u001b[39m\u001b[0m\u001b[2m:247:31)\u001b[22m\u001b[2m\u001b[22m\n\u001b[2m      \u001b[2mat Generator.call (\u001b[22m\u001b[2m\u001b[0m\u001b[36msrc/__tests__/api/catalog/route.test.ts\u001b[39m\u001b[0m\u001b[2m:2:1)\u001b[22m\u001b[2m\u001b[22m\n\u001b[2m      \u001b[2mat Generator._invoke [as next] (\u001b[22m\u001b[2m\u001b[0m\u001b[36msrc/__tests__/api/catalog/route.test.ts\u001b[39m\u001b[0m\u001b[2m:2:1)\u001b[22m\u001b[2m\u001b[22m\n\u001b[2m      \u001b[2mat asyncGeneratorStep (\u001b[22m\u001b[2m\u001b[0m\u001b[36msrc/__tests__/api/catalog/route.test.ts\u001b[39m\u001b[0m\u001b[2m:2:1)\u001b[22m\u001b[2m\u001b[22m\n\u001b[2m      \u001b[2mat asyncGeneratorStep (\u001b[22m\u001b[2m\u001b[0m\u001b[36msrc/__tests__/api/catalog/route.test.ts\u001b[39m\u001b[0m\u001b[2m:2:1)\u001b[22m\u001b[2m\u001b[22m\n\n\u001b[1m\u001b[31m  \u001b[1m● \u001b[22m\u001b[1mCatalog API Route (POST) › should transition to confirmation if all fields are filled\u001b[39m\u001b[22m\n\n    \u001b[2mexpect(\u001b[22m\u001b[31mreceived\u001b[39m\u001b[2m).\u001b[22mtoBe\u001b[2m(\u001b[22m\u001b[32mexpected\u001b[39m\u001b[2m) // Object.is equality\u001b[22m\n\n    Expected: \u001b[32m\"record-complete\"\u001b[39m\n    Received: \u001b[31m\"error\"\u001b[39m\n\u001b[2m\u001b[22m\n\u001b[2m    \u001b[0m \u001b[90m 382 |\u001b[39m         \u001b[36mconst\u001b[39m data\u001b[33m:\u001b[39m \u001b[33mCatalogResponse\u001b[39m \u001b[33m=\u001b[39m \u001b[36mawait\u001b[39m res\u001b[33m.\u001b[39mjson()\u001b[22m\n\u001b[2m     \u001b[90m 383 |\u001b[39m\u001b[22m\n\u001b[2m    \u001b[31m\u001b[1m>\u001b[22m\u001b[2m\u001b[39m\u001b[90m 384 |\u001b[39m         expect(data\u001b[33m.\u001b[39mtype)\u001b[33m.\u001b[39mtoBe(\u001b[32m\"record-complete\"\u001b[39m)\u001b[22m\n\u001b[2m     \u001b[90m     |\u001b[39m                           \u001b[31m\u001b[1m^\u001b[22m\u001b[2m\u001b[39m\u001b[22m\n\u001b[2m     \u001b[90m 385 |\u001b[39m         expect(data\u001b[33m.\u001b[39mconversationState\u001b[33m?\u001b[39m\u001b[33m.\u001b[39mstep)\u001b[33m.\u001b[39mtoBe(\u001b[32m\"confirmation\"\u001b[39m)\u001b[22m\n\u001b[2m     \u001b[90m 386 |\u001b[39m         expect(data\u001b[33m.\u001b[39mrecord)\u001b[33m.\u001b[39mtoEqual(expect\u001b[33m.\u001b[39many(\u001b[33mObject\u001b[39m))\u001b[22m\n\u001b[2m     \u001b[90m 387 |\u001b[39m     })\u001b[0m\u001b[22m\n\u001b[2m\u001b[22m\n\u001b[2m      \u001b[2mat toBe (\u001b[22m\u001b[2m\u001b[0m\u001b[36msrc/__tests__/api/catalog/route.test.ts\u001b[39m\u001b[0m\u001b[2m:384:27)\u001b[22m\u001b[2m\u001b[22m\n\u001b[2m      \u001b[2mat Generator.call (\u001b[22m\u001b[2m\u001b[0m\u001b[36msrc/__tests__/api/catalog/route.test.ts\u001b[39m\u001b[0m\u001b[2m:2:1)\u001b[22m\u001b[2m\u001b[22m\n\u001b[2m      \u001b[2mat Generator._invoke [as next] (\u001b[22m\u001b[2m\u001b[0m\u001b[36msrc/__tests__/api/catalog/route.test.ts\u001b[39m\u001b[0m\u001b[2m:2:1)\u001b[22m\u001b[2m\u001b[22m\n\u001b[2m      \u001b[2mat asyncGeneratorStep (\u001b[22m\u001b[2m\u001b[0m\u001b[36msrc/__tests__/api/catalog/route.test.ts\u001b[39m\u001b[0m\u001b[2m:2:1)\u001b[22m\u001b[2m\u001b[22m\n\u001b[2m      \u001b[2mat asyncGeneratorStep (\u001b[22m\u001b[2m\u001b[0m\u001b[36msrc/__tests__/api/catalog/route.test.ts\u001b[39m\u001b[0m\u001b[2m:2:1)\u001b[22m\u001b[2m\u001b[22m\n\n\u001b[1m\u001b[31m  \u001b[1m● \u001b[22m\u001b[1mCatalog API Route (POST) › should save the record and return record-saved type\u001b[39m\u001b[22m\n\n    \u001b[2mexpect(\u001b[22m\u001b[31mreceived\u001b[39m\u001b[2m).\u001b[22mtoBe\u001b[2m(\u001b[22m\u001b[32mexpected\u001b[39m\u001b[2m) // Object.is equality\u001b[22m\n\n    Expected: \u001b[32m\"record-saved\"\u001b[39m\n    Received: \u001b[31m\"error\"\u001b[39m\n\u001b[2m\u001b[22m\n\u001b[2m    \u001b[0m \u001b[90m 415 |\u001b[39m         \u001b[36mconst\u001b[39m data\u001b[33m:\u001b[39m \u001b[33mCatalogResponse\u001b[39m \u001b[33m=\u001b[39m \u001b[36mawait\u001b[39m res\u001b[33m.\u001b[39mjson()\u001b[22m\n\u001b[2m     \u001b[90m 416 |\u001b[39m\u001b[22m\n\u001b[2m    \u001b[31m\u001b[1m>\u001b[22m\u001b[2m\u001b[39m\u001b[90m 417 |\u001b[39m         expect(data\u001b[33m.\u001b[39mtype)\u001b[33m.\u001b[39mtoBe(\u001b[32m\"record-saved\"\u001b[39m)\u001b[22m\n\u001b[2m     \u001b[90m     |\u001b[39m                           \u001b[31m\u001b[1m^\u001b[22m\u001b[2m\u001b[39m\u001b[22m\n\u001b[2m     \u001b[90m 418 |\u001b[39m         expect(data\u001b[33m.\u001b[39mrecordId)\u001b[33m.\u001b[39mtoBe(\u001b[32m\"record123\"\u001b[39m)\u001b[22m\n\u001b[2m     \u001b[90m 419 |\u001b[39m         expect(data\u001b[33m.\u001b[39mtextUnimarc)\u001b[33m.\u001b[39mtoContain(\u001b[32m\"001 12345\"\u001b[39m)\u001b[22m\n\u001b[2m     \u001b[90m 420 |\u001b[39m         expect(mockDatabaseService\u001b[33m.\u001b[39msaveRecord)\u001b[33m.\u001b[39mtoHaveBeenCalledTimes(\u001b[35m1\u001b[39m)\u001b[0m\u001b[22m\n\u001b[2m\u001b[22m\n\u001b[2m      \u001b[2mat toBe (\u001b[22m\u001b[2m\u001b[0m\u001b[36msrc/__tests__/api/catalog/route.test.ts\u001b[39m\u001b[0m\u001b[2m:417:27)\u001b[22m\u001b[2m\u001b[22m\n\u001b[2m      \u001b[2mat Generator.call (\u001b[22m\u001b[2m\u001b[0m\u001b[36msrc/__tests__/api/catalog/route.test.ts\u001b[39m\u001b[0m\u001b[2m:2:1)\u001b[22m\u001b[2m\u001b[22m\n\u001b[2m      \u001b[2mat Generator._invoke [as next] (\u001b[22m\u001b[2m\u001b[0m\u001b[36msrc/__tests__/api/catalog/route.test.ts\u001b[39m\u001b[0m\u001b[2m:2:1)\u001b[22m\u001b[2m\u001b[22m\n\u001b[2m      \u001b[2mat asyncGeneratorStep (\u001b[22m\u001b[2m\u001b[0m\u001b[36msrc/__tests__/api/catalog/route.test.ts\u001b[39m\u001b[0m\u001b[2m:2:1)\u001b[22m\u001b[2m\u001b[22m\n\u001b[2m      \u001b[2mat asyncGeneratorStep (\u001b[22m\u001b[2m\u001b[0m\u001b[36msrc/__tests__/api/catalog/route.test.ts\u001b[39m\u001b[0m\u001b[2m:2:1)\u001b[22m\u001b[2m\u001b[22m\n\n\u001b[1m\u001b[31m  \u001b[1m● \u001b[22m\u001b[1mCatalog API Route (POST) › should handle template not found\u001b[39m\u001b[22m\n\n    \u001b[2mexpect(\u001b[22m\u001b[31mreceived\u001b[39m\u001b[2m).\u001b[22mtoBe\u001b[2m(\u001b[22m\u001b[32mexpected\u001b[39m\u001b[2m) // Object.is equality\u001b[22m\n\n    Expected: \u001b[32m\"template-not-found\"\u001b[39m\n    Received: \u001b[31m\"error\"\u001b[39m\n\u001b[2m\u001b[22m\n\u001b[2m    \u001b[0m \u001b[90m 444 |\u001b[39m         \u001b[36mconst\u001b[39m data\u001b[33m:\u001b[39m \u001b[33mCatalogResponse\u001b[39m \u001b[33m=\u001b[39m \u001b[36mawait\u001b[39m res\u001b[33m.\u001b[39mjson()\u001b[22m\n\u001b[2m     \u001b[90m 445 |\u001b[39m\u001b[22m\n\u001b[2m    \u001b[31m\u001b[1m>\u001b[22m\u001b[2m\u001b[39m\u001b[90m 446 |\u001b[39m         expect(data\u001b[33m.\u001b[39mtype)\u001b[33m.\u001b[39mtoBe(\u001b[32m\"template-not-found\"\u001b[39m)\u001b[22m\n\u001b[2m     \u001b[90m     |\u001b[39m                           \u001b[31m\u001b[1m^\u001b[22m\u001b[2m\u001b[39m\u001b[22m\n\u001b[2m     \u001b[90m 447 |\u001b[39m         expect(data\u001b[33m.\u001b[39merror)\u001b[33m.\u001b[39mtoContain(\u001b[32m\"Template não identificado\"\u001b[39m)\u001b[22m\n\u001b[2m     \u001b[90m 448 |\u001b[39m         expect(data\u001b[33m.\u001b[39moptions)\u001b[33m.\u001b[39mtoEqual([{ name\u001b[33m:\u001b[39m \u001b[32m\"Livro\"\u001b[39m\u001b[33m,\u001b[39m id\u001b[33m:\u001b[39m \u001b[32m\"temp1\"\u001b[39m }])\u001b[22m\n\u001b[2m     \u001b[90m 449 |\u001b[39m     })\u001b[0m\u001b[22m\n\u001b[2m\u001b[22m\n\u001b[2m      \u001b[2mat toBe (\u001b[22m\u001b[2m\u001b[0m\u001b[36msrc/__tests__/api/catalog/route.test.ts\u001b[39m\u001b[0m\u001b[2m:446:27)\u001b[22m\u001b[2m\u001b[22m\n\u001b[2m      \u001b[2mat Generator.call (\u001b[22m\u001b[2m\u001b[0m\u001b[36msrc/__tests__/api/catalog/route.test.ts\u001b[39m\u001b[0m\u001b[2m:2:1)\u001b[22m\u001b[2m\u001b[22m\n\u001b[2m      \u001b[2mat Generator._invoke [as next] (\u001b[22m\u001b[2m\u001b[0m\u001b[36msrc/__tests__/api/catalog/route.test.ts\u001b[39m\u001b[0m\u001b[2m:2:1)\u001b[22m\u001b[2m\u001b[22m\n\u001b[2m      \u001b[2mat asyncGeneratorStep (\u001b[22m\u001b[2m\u001b[0m\u001b[36msrc/__tests__/api/catalog/route.test.ts\u001b[39m\u001b[0m\u001b[2m:2:1)\u001b[22m\u001b[2m\u001b[22m\n\u001b[2m      \u001b[2mat asyncGeneratorStep (\u001b[22m\u001b[2m\u001b[0m\u001b[36msrc/__tests__/api/catalog/route.test.ts\u001b[39m\u001b[0m\u001b[2m:2:1)\u001b[22m\u001b[2m\u001b[22m\n\n\u001b[1m\u001b[31m  \u001b[1m● \u001b[22m\u001b[1mCatalog API Route (POST) › should handle invalid conversation state\u001b[39m\u001b[22m\n\n    \u001b[2mexpect(\u001b[22m\u001b[31mreceived\u001b[39m\u001b[2m).\u001b[22mtoContain\u001b[2m(\u001b[22m\u001b[32mexpected\u001b[39m\u001b[2m) // indexOf\u001b[22m\n\n    Expected substring: \u001b[32m\"Estado inválido da conversação.\"\u001b[39m\n    Received string:    \u001b[31m\"Erro interno no servidor\"\u001b[39m\n\u001b[2m\u001b[22m\n\u001b[2m    \u001b[0m \u001b[90m 458 |\u001b[39m\u001b[22m\n\u001b[2m     \u001b[90m 459 |\u001b[39m         expect(data\u001b[33m.\u001b[39mtype)\u001b[33m.\u001b[39mtoBe(\u001b[32m\"error\"\u001b[39m)\u001b[22m\n\u001b[2m    \u001b[31m\u001b[1m>\u001b[22m\u001b[2m\u001b[39m\u001b[90m 460 |\u001b[39m         expect(data\u001b[33m.\u001b[39merror)\u001b[33m.\u001b[39mtoContain(\u001b[32m\"Estado inválido da conversação.\"\u001b[39m)\u001b[22m\n\u001b[2m     \u001b[90m     |\u001b[39m                            \u001b[31m\u001b[1m^\u001b[22m\u001b[2m\u001b[39m\u001b[22m\n\u001b[2m     \u001b[90m 461 |\u001b[39m     })\u001b[22m\n\u001b[2m     \u001b[90m 462 |\u001b[39m })\u001b[22m\n\u001b[2m     \u001b[90m 463 |\u001b[39m\u001b[0m\u001b[22m\n\u001b[2m\u001b[22m\n\u001b[2m      \u001b[2mat toContain (\u001b[22m\u001b[2m\u001b[0m\u001b[36msrc/__tests__/api/catalog/route.test.ts\u001b[39m\u001b[0m\u001b[2m:460:28)\u001b[22m\u001b[2m\u001b[22m\n\u001b[2m      \u001b[2mat Generator.call (\u001b[22m\u001b[2m\u001b[0m\u001b[36msrc/__tests__/api/catalog/route.test.ts\u001b[39m\u001b[0m\u001b[2m:2:1)\u001b[22m\u001b[2m\u001b[22m\n\u001b[2m      \u001b[2mat Generator._invoke [as next] (\u001b[22m\u001b[2m\u001b[0m\u001b[36msrc/__tests__/api/catalog/route.test.ts\u001b[39m\u001b[0m\u001b[2m:2:1)\u001b[22m\u001b[2m\u001b[22m\n\u001b[2m      \u001b[2mat asyncGeneratorStep (\u001b[22m\u001b[2m\u001b[0m\u001b[36msrc/__tests__/api/catalog/route.test.ts\u001b[39m\u001b[0m\u001b[2m:2:1)\u001b[22m\u001b[2m\u001b[22m\n\u001b[2m      \u001b[2mat asyncGeneratorStep (\u001b[22m\u001b[2m\u001b[0m\u001b[36msrc/__tests__/api/catalog/route.test.ts\u001b[39m\u001b[0m\u001b[2m:2:1)\u001b[22m\u001b[2m\u001b[22m\n","name":"C:\\Tutoriais\\Next js\\uni-catalog\\src\\__tests__\\api\\catalog\\route.test.ts","startTime":1754075925932,"status":"failed","summary":""},{"assertionResults":[{"ancestorTitles":["HomePage"],"duration":182,"failing":false,"failureDetails":[],"failureMessages":[],"fullName":"HomePage should render the initial input and button","invocations":1,"location":null,"numPassingAsserts":2,"retryReasons":[],"startAt":1754075929862,"status":"passed","title":"should render the initial input and button"},{"ancestorTitles":["HomePage"],"duration":5039,"failing":false,"failureDetails":[{"message":"thrown: \"Exceeded timeout of 5000 ms for a test.\nAdd a timeout value to this test to increase the timeout, if this is a long-running test. See https://jestjs.io/docs/api#testname-fn-timeout.\""}],"failureMessages":["Error: thrown: \"Exceeded timeout of 5000 ms for a test.\nAdd a timeout value to this test to increase the timeout, if this is a long-running test. See https://jestjs.io/docs/api#testname-fn-timeout.\"\n    at it (C:\\Tutoriais\\Next js\\uni-catalog\\src\\__tests__\\app\\page.test.tsx:35:5)\n    at _dispatchDescribe (C:\\Tutoriais\\Next js\\uni-catalog\\node_modules\\jest-circus\\build\\jestAdapterInit.js:604:26)\n    at describe (C:\\Tutoriais\\Next js\\uni-catalog\\node_modules\\jest-circus\\build\\jestAdapterInit.js:572:44)\n    at Object.describe (C:\\Tutoriais\\Next js\\uni-catalog\\src\\__tests__\\app\\page.test.tsx:18:1)\n    at Runtime._execModule (C:\\Tutoriais\\Next js\\uni-catalog\\node_modules\\jest-runtime\\build\\index.js:1266:24)\n    at Runtime._loadModule (C:\\Tutoriais\\Next js\\uni-catalog\\node_modules\\jest-runtime\\build\\index.js:942:12)\n    at Runtime.requireModule (C:\\Tutoriais\\Next js\\uni-catalog\\node_modules\\jest-runtime\\build\\index.js:830:12)\n    at jestAdapter (C:\\Tutoriais\\Next js\\uni-catalog\\node_modules\\jest-circus\\build\\runner.js:95:13)\n    at processTicksAndRejections (node:internal/process/task_queues:105:5)\n    at runTestInternal (C:\\Tutoriais\\Next js\\uni-catalog\\node_modules\\jest-runner\\build\\testWorker.js:275:16)\n    at runTest (C:\\Tutoriais\\Next js\\uni-catalog\\node_modules\\jest-runner\\build\\testWorker.js:343:7)\n    at Object.worker (C:\\Tutoriais\\Next js\\uni-catalog\\node_modules\\jest-runner\\build\\testWorker.js:497:12)"],"fullName":"HomePage should start cataloging and display template selection","invocations":1,"location":null,"numPassingAsserts":0,"retryReasons":[],"startAt":1754075930044,"status":"failed","title":"should start cataloging and display template selection"},{"ancestorTitles":["HomePage"],"duration":5029,"failing":false,"failureDetails":[{"message":"thrown: \"Exceeded timeout of 5000 ms for a test.\nAdd a timeout value to this test to increase the timeout, if this is a long-running test. See https://jestjs.io/docs/api#testname-fn-timeout.\""}],"failureMessages":["Error: thrown: \"Exceeded timeout of 5000 ms for a test.\nAdd a timeout value to this test to increase the timeout, if this is a long-running test. See https://jestjs.io/docs/api#testname-fn-timeout.\"\n    at it (C:\\Tutoriais\\Next js\\uni-catalog\\src\\__tests__\\app\\page.test.tsx:68:5)\n    at _dispatchDescribe (C:\\Tutoriais\\Next js\\uni-catalog\\node_modules\\jest-circus\\build\\jestAdapterInit.js:604:26)\n    at describe (C:\\Tutoriais\\Next js\\uni-catalog\\node_modules\\jest-circus\\build\\jestAdapterInit.js:572:44)\n    at Object.describe (C:\\Tutoriais\\Next js\\uni-catalog\\src\\__tests__\\app\\page.test.tsx:18:1)\n    at Runtime._execModule (C:\\Tutoriais\\Next js\\uni-catalog\\node_modules\\jest-runtime\\build\\index.js:1266:24)\n    at Runtime._loadModule (C:\\Tutoriais\\Next js\\uni-catalog\\node_modules\\jest-runtime\\build\\index.js:942:12)\n    at Runtime.requireModule (C:\\Tutoriais\\Next js\\uni-catalog\\node_modules\\jest-runtime\\build\\index.js:830:12)\n    at jestAdapter (C:\\Tutoriais\\Next js\\uni-catalog\\node_modules\\jest-circus\\build\\runner.js:95:13)\n    at processTicksAndRejections (node:internal/process/task_queues:105:5)\n    at runTestInternal (C:\\Tutoriais\\Next js\\uni-catalog\\node_modules\\jest-runner\\build\\testWorker.js:275:16)\n    at runTest (C:\\Tutoriais\\Next js\\uni-catalog\\node_modules\\jest-runner\\build\\testWorker.js:343:7)\n    at Object.worker (C:\\Tutoriais\\Next js\\uni-catalog\\node_modules\\jest-runner\\build\\testWorker.js:497:12)"],"fullName":"HomePage should display bulk auto-filled fields and auto-continue","invocations":1,"location":null,"numPassingAsserts":0,"retryReasons":[],"startAt":1754075935098,"status":"failed","title":"should display bulk auto-filled fields and auto-continue"},{"ancestorTitles":["HomePage"],"duration":5029,"failing":false,"failureDetails":[{"message":"thrown: \"Exceeded timeout of 5000 ms for a test.\nAdd a timeout value to this test to increase the timeout, if this is a long-running test. See https://jestjs.io/docs/api#testname-fn-timeout.\""}],"failureMessages":["Error: thrown: \"Exceeded timeout of 5000 ms for a test.\nAdd a timeout value to this test to increase the timeout, if this is a long-running test. See https://jestjs.io/docs/api#testname-fn-timeout.\"\n    at it (C:\\Tutoriais\\Next js\\uni-catalog\\src\\__tests__\\app\\page.test.tsx:106:5)\n    at _dispatchDescribe (C:\\Tutoriais\\Next js\\uni-catalog\\node_modules\\jest-circus\\build\\jestAdapterInit.js:604:26)\n    at describe (C:\\Tutoriais\\Next js\\uni-catalog\\node_modules\\jest-circus\\build\\jestAdapterInit.js:572:44)\n    at Object.describe (C:\\Tutoriais\\Next js\\uni-catalog\\src\\__tests__\\app\\page.test.tsx:18:1)\n    at Runtime._execModule (C:\\Tutoriais\\Next js\\uni-catalog\\node_modules\\jest-runtime\\build\\index.js:1266:24)\n    at Runtime._loadModule (C:\\Tutoriais\\Next js\\uni-catalog\\node_modules\\jest-runtime\\build\\index.js:942:12)\n    at Runtime.requireModule (C:\\Tutoriais\\Next js\\uni-catalog\\node_modules\\jest-runtime\\build\\index.js:830:12)\n    at jestAdapter (C:\\Tutoriais\\Next js\\uni-catalog\\node_modules\\jest-circus\\build\\runner.js:95:13)\n    at processTicksAndRejections (node:internal/process/task_queues:105:5)\n    at runTestInternal (C:\\Tutoriais\\Next js\\uni-catalog\\node_modules\\jest-runner\\build\\testWorker.js:275:16)\n    at runTest (C:\\Tutoriais\\Next js\\uni-catalog\\node_modules\\jest-runner\\build\\testWorker.js:343:7)\n    at Object.worker (C:\\Tutoriais\\Next js\\uni-catalog\\node_modules\\jest-runner\\build\\testWorker.js:497:12)"],"fullName":"HomePage should display a field question and allow user input","invocations":1,"location":null,"numPassingAsserts":0,"retryReasons":[],"startAt":1754075940128,"status":"failed","title":"should display a field question and allow user input"}],"endTime":1754075945206,"message":"\u001b[1m\u001b[31m  \u001b[1m● \u001b[22m\u001b[1mHomePage › should start cataloging and display template selection\u001b[39m\u001b[22m\n\n    thrown: \"Exceeded timeout of 5000 ms for a test.\n    Add a timeout value to this test to increase the timeout, if this is a long-running test. See https://jestjs.io/docs/api#testname-fn-timeout.\"\n\u001b[2m\u001b[22m\n\u001b[2m    \u001b[0m \u001b[90m 33 |\u001b[39m     })\u001b[22m\n\u001b[2m     \u001b[90m 34 |\u001b[39m\u001b[22m\n\u001b[2m    \u001b[31m\u001b[1m>\u001b[22m\u001b[2m\u001b[39m\u001b[90m 35 |\u001b[39m     it(\u001b[32m\"should start cataloging and display template selection\"\u001b[39m\u001b[33m,\u001b[39m \u001b[36masync\u001b[39m () \u001b[33m=>\u001b[39m {\u001b[22m\n\u001b[2m     \u001b[90m    |\u001b[39m     \u001b[31m\u001b[1m^\u001b[22m\u001b[2m\u001b[39m\u001b[22m\n\u001b[2m     \u001b[90m 36 |\u001b[39m         \u001b[36mconst\u001b[39m initialDescription \u001b[33m=\u001b[39m \u001b[32m\"um livro de teste\"\u001b[39m\u001b[22m\n\u001b[2m     \u001b[90m 37 |\u001b[39m         \u001b[36mconst\u001b[39m mockTemplateSelectedResponse\u001b[33m:\u001b[39m \u001b[33mCatalogResponse\u001b[39m \u001b[33m=\u001b[39m {\u001b[22m\n\u001b[2m     \u001b[90m 38 |\u001b[39m             type\u001b[33m:\u001b[39m \u001b[32m\"template-selected\"\u001b[39m\u001b[33m,\u001b[39m\u001b[0m\u001b[22m\n\u001b[2m\u001b[22m\n\u001b[2m      \u001b[2mat it (\u001b[22m\u001b[2m\u001b[0m\u001b[36msrc/__tests__/app/page.test.tsx\u001b[39m\u001b[0m\u001b[2m:35:5)\u001b[22m\u001b[2m\u001b[22m\n\u001b[2m      \u001b[2mat Object.describe (\u001b[22m\u001b[2m\u001b[0m\u001b[36msrc/__tests__/app/page.test.tsx\u001b[39m\u001b[0m\u001b[2m:18:1)\u001b[22m\u001b[2m\u001b[22m\n\n\u001b[1m\u001b[31m  \u001b[1m● \u001b[22m\u001b[1mHomePage › should display bulk auto-filled fields and auto-continue\u001b[39m\u001b[22m\n\n    thrown: \"Exceeded timeout of 5000 ms for a test.\n    Add a timeout value to this test to increase the timeout, if this is a long-running test. See https://jestjs.io/docs/api#testname-fn-timeout.\"\n\u001b[2m\u001b[22m\n\u001b[2m    \u001b[0m \u001b[90m 66 |\u001b[39m     })\u001b[22m\n\u001b[2m     \u001b[90m 67 |\u001b[39m\u001b[22m\n\u001b[2m    \u001b[31m\u001b[1m>\u001b[22m\u001b[2m\u001b[39m\u001b[90m 68 |\u001b[39m     it(\u001b[32m\"should display bulk auto-filled fields and auto-continue\"\u001b[39m\u001b[33m,\u001b[39m \u001b[36masync\u001b[39m () \u001b[33m=>\u001b[39m {\u001b[22m\n\u001b[2m     \u001b[90m    |\u001b[39m     \u001b[31m\u001b[1m^\u001b[22m\u001b[2m\u001b[39m\u001b[22m\n\u001b[2m     \u001b[90m 69 |\u001b[39m         \u001b[36mconst\u001b[39m mockBulkAutoFilledResponse\u001b[33m:\u001b[39m \u001b[33mCatalogResponse\u001b[39m \u001b[33m=\u001b[39m {\u001b[22m\n\u001b[2m     \u001b[90m 70 |\u001b[39m             type\u001b[33m:\u001b[39m \u001b[32m\"bulk-auto-filled\"\u001b[39m\u001b[33m,\u001b[39m\u001b[22m\n\u001b[2m     \u001b[90m 71 |\u001b[39m             message\u001b[33m:\u001b[39m \u001b[32m\"2 campos preenchidos automaticamente\"\u001b[39m\u001b[33m,\u001b[39m\u001b[0m\u001b[22m\n\u001b[2m\u001b[22m\n\u001b[2m      \u001b[2mat it (\u001b[22m\u001b[2m\u001b[0m\u001b[36msrc/__tests__/app/page.test.tsx\u001b[39m\u001b[0m\u001b[2m:68:5)\u001b[22m\u001b[2m\u001b[22m\n\u001b[2m      \u001b[2mat Object.describe (\u001b[22m\u001b[2m\u001b[0m\u001b[36msrc/__tests__/app/page.test.tsx\u001b[39m\u001b[0m\u001b[2m:18:1)\u001b[22m\u001b[2m\u001b[22m\n\n\u001b[1m\u001b[31m  \u001b[1m● \u001b[22m\u001b[1mHomePage › should display a field question and allow user input\u001b[39m\u001b[22m\n\n    thrown: \"Exceeded timeout of 5000 ms for a test.\n    Add a timeout value to this test to increase the timeout, if this is a long-running test. See https://jestjs.io/docs/api#testname-fn-timeout.\"\n\u001b[2m\u001b[22m\n\u001b[2m    \u001b[0m \u001b[90m 104 |\u001b[39m     })\u001b[22m\n\u001b[2m     \u001b[90m 105 |\u001b[39m\u001b[22m\n\u001b[2m    \u001b[31m\u001b[1m>\u001b[22m\u001b[2m\u001b[39m\u001b[90m 106 |\u001b[39m     it(\u001b[32m\"should display a field question and allow user input\"\u001b[39m\u001b[33m,\u001b[39m \u001b[36masync\u001b[39m () \u001b[33m=>\u001b[39m {\u001b[22m\n\u001b[2m     \u001b[90m     |\u001b[39m     \u001b[31m\u001b[1m^\u001b[22m\u001b[2m\u001b[39m\u001b[22m\n\u001b[2m     \u001b[90m 107 |\u001b[39m         \u001b[36mconst\u001b[39m mockFieldQuestionResponse\u001b[33m:\u001b[39m \u001b[33mCatalogResponse\u001b[39m \u001b[33m=\u001b[39m {\u001b[22m\n\u001b[2m     \u001b[90m 108 |\u001b[39m             type\u001b[33m:\u001b[39m \u001b[32m\"field-question\"\u001b[39m\u001b[33m,\u001b[39m\u001b[22m\n\u001b[2m     \u001b[90m 109 |\u001b[39m             field\u001b[33m:\u001b[39m \u001b[32m\"200\"\u001b[39m\u001b[33m,\u001b[39m\u001b[0m\u001b[22m\n\u001b[2m\u001b[22m\n\u001b[2m      \u001b[2mat it (\u001b[22m\u001b[2m\u001b[0m\u001b[36msrc/__tests__/app/page.test.tsx\u001b[39m\u001b[0m\u001b[2m:106:5)\u001b[22m\u001b[2m\u001b[22m\n\u001b[2m      \u001b[2mat Object.describe (\u001b[22m\u001b[2m\u001b[0m\u001b[36msrc/__tests__/app/page.test.tsx\u001b[39m\u001b[0m\u001b[2m:18:1)\u001b[22m\u001b[2m\u001b[22m\n","name":"C:\\Tutoriais\\Next js\\uni-catalog\\src\\__tests__\\app\\page.test.tsx","startTime":1754075925934,"status":"failed","summary":""}],"wasInterrupted":false}
